build/app/outputs/mapping/release/configuration.txt
# The proguard configuration file for the following section is intermediates/proguard-files/proguard-android.txt-4.1.0
# This is a configuration file for ProGuard.
# http://proguard.sourceforge.net/index.html#manual/usage.html
#
# Starting with version 2.2 of the Android plugin for Gradle, this file is distributed together with
# the plugin and unpacked at build-time. The files in $ANDROID_HOME are no longer maintained and
# will be ignored by new version of the Android plugin for Gradle.

# Optimization is turned off by default. Dex does not like code run
# through the ProGuard optimize steps (and performs some
# of these optimizations on its own).
# Note that if you want to enable optimization, you cannot just
# include optimization flags in your own project configuration file;
# instead you will need to point to the
# "proguard-android-optimize.txt" file instead of this one from your
# project.properties file.
-dontoptimize

-dontusemixedcaseclassnames
-dontskipnonpubliclibraryclasses
-verbose

# Preserve some attributes that may be required for reflection.
-keepattributes *Annotation*,Signature,InnerClasses,EnclosingMethod

-keep public class com.google.vending.licensing.ILicensingService
-keep public class com.android.vending.licensing.ILicensingService
-keep public class com.google.android.vending.licensing.ILicensingService
-dontnote com.android.vending.licensing.ILicensingService
-dontnote com.google.vending.licensing.ILicensingService
-dontnote com.google.android.vending.licensing.ILicensingService

# For native methods, see http://proguard.sourceforge.net/manual/examples.html#native
-keepclasseswithmembernames,includedescriptorclasses class * {
    native <methods>;
}

# Keep setters in Views so that animations can still work.
-keepclassmembers public class * extends android.view.View {
    void set*(***);
    *** get*();
}

# We want to keep methods in Activity that could be used in the XML attribute onClick.
-keepclassmembers class * extends android.app.Activity {
    public void *(android.view.View);
}

# For enumeration classes, see http://proguard.sourceforge.net/manual/examples.html#enumerations
-keepclassmembers enum * {
    public static **[] values();
    public static ** valueOf(java.lang.String);
}

-keepclassmembers class * implements android.os.Parcelable {
    public static final ** CREATOR;
}

# Preserve annotated Javascript interface methods.
-keepclassmembers class * {
    @android.webkit.JavascriptInterface <methods>;
}

# The support libraries contains references to newer platform versions.
# Don't warn about those in case this app is linking against an older
# platform version. We know about them, and they are safe.
-dontnote android.support.**
-dontnote androidx.**
-dontwarn android.support.**
-dontwarn androidx.**

# This class is deprecated, but remains for backward compatibility.
-dontwarn android.util.FloatMath

# Understand the @Keep support annotation.
-keep class android.support.annotation.Keep
-keep class androidx.annotation.Keep

-keep @android.support.annotation.Keep class * {*;}
-keep @androidx.annotation.Keep class * {*;}

-keepclasseswithmembers class * {
    @android.support.annotation.Keep <methods>;
}

-keepclasseswithmembers class * {
    @androidx.annotation.Keep <methods>;
}

-keepclasseswithmembers class * {
    @android.support.annotation.Keep <fields>;
}

-keepclasseswithmembers class * {
    @androidx.annotation.Keep <fields>;
}

-keepclasseswithmembers class * {
    @android.support.annotation.Keep <init>(...);
}

-keepclasseswithmembers class * {
    @androidx.annotation.Keep <init>(...);
}

# These classes are duplicated between android.jar and org.apache.http.legacy.jar.
-dontnote org.apache.http.**
-dontnote android.net.http.**

# These classes are duplicated between android.jar and core-lambda-stubs.jar.
-dontnote java.lang.invoke.**

# End of content from intermediates/proguard-files/proguard-android.txt-4.1.0
# The proguard configuration file for the following section is flutter_tools/gradle/flutter_proguard_rules.pro
# Build the ephemeral app in a module project.
# Prevents: Warning: library class <plugin-package> depends on program class io.flutter.plugin.**
# This is due to plugins (libraries) depending on the embedding (the program jar)
-dontwarn io.flutter.plugin.**

# The android.** package is provided by the OS at runtime.
-dontwarn android.**

# End of content from flutter_tools/gradle/flutter_proguard_rules.pro
# The proguard configuration file for the following section is aapt_proguard_file/release/aapt_rules.txt
-keep class androidx.core.app.CoreComponentFactory { <init>(); }
-keep class androidx.multidex.MultiDexApplication { <init>(); }
-keep class com.example.kepp.MainActivity { <init>(); }
-keep class com.google.android.gms.common.api.GoogleApiActivity { <init>(); }
-keep class com.google.firebase.auth.api.fallback.service.FirebaseAuthFallbackService { <init>(); }
-keep class com.google.firebase.auth.internal.GenericIdpActivity { <init>(); }
-keep class com.google.firebase.auth.internal.RecaptchaActivity { <init>(); }
-keep class com.google.firebase.components.ComponentDiscoveryService { <init>(); }
-keep class com.google.firebase.provider.FirebaseInitProvider { <init>(); }

# End of content from aapt_proguard_file/release/aapt_rules.txt
# The proguard configuration file for the following section is 4c933b82fb6ca37692eafcf5e1e9e376/jetified-firebase-auth-20.0.3/proguard.txt
-dontwarn com.google.appengine.api.**
-dontwarn okio.**
-dontwarn org.apache.**
-dontwarn retrofit.android.**
-dontwarn retrofit.appengine.**
-dontwarn retrofit.client.**
-dontwarn rx.**

# This is necessary for keeping SecureTokenHttpApi and IdentityToolkitHttpApi
# Otherwise those classes get stripped out, as they are only being used
# reflectively.

-keepclasseswithmembernames interface * {
    @retrofit.http.* <methods>;
}

# We keep all fields for every generated proto file as the runtime uses
# reflection over them that ProGuard cannot detect. Without this keep
# rule, fields may be removed that would cause runtime failures.
-keepclassmembers class * extends com.google.android.gms.internal.firebase-auth-api.zzaaa {
  <fields>;
}

# End of content from 4c933b82fb6ca37692eafcf5e1e9e376/jetified-firebase-auth-20.0.3/proguard.txt
# The proguard configuration file for the following section is fec711a1432231d36ce79e04e4a4afcd/jetified-firebase-firestore-22.1.1/proguard.txt
# Needed for DNS resolution.  Present in OpenJDK, but not Android
-dontwarn javax.naming.**

# Don't warn about checkerframework
#
# Guava uses the checkerframework and the annotations
# can safely be ignored at runtime.
-dontwarn org.checkerframework.**

# Guava warnings:
-dontwarn java.lang.ClassValue
-dontwarn com.google.j2objc.annotations.Weak
-dontwarn org.codehaus.mojo.animal_sniffer.IgnoreJRERequirement
-dontwarn javax.lang.model.element.Modifier

# Okhttp warnings.
-dontwarn okio.**
-dontwarn com.google.j2objc.annotations.**

# End of content from fec711a1432231d36ce79e04e4a4afcd/jetified-firebase-firestore-22.1.1/proguard.txt
# The proguard configuration file for the following section is a348beea78586f27ffc2391bf0a13f9b/jetified-firebase-common-19.5.0/proguard.txt
-dontwarn com.google.firebase.platforminfo.KotlinDetector
-dontwarn com.google.auto.value.AutoValue
-dontwarn com.google.auto.value.AutoValue$Builder

# End of content from a348beea78586f27ffc2391bf0a13f9b/jetified-firebase-common-19.5.0/proguard.txt
# The proguard configuration file for the following section is 1d67e9f8fcd3c103d0f9ff5b012246e9/jetified-play-services-base-17.1.0/proguard.txt
# b/35135904 Ensure that proguard will not strip the mResultGuardian.
-keepclassmembers class com.google.android.gms.common.api.internal.BasePendingResult {
  com.google.android.gms.common.api.internal.BasePendingResult$ReleasableResultGuardian mResultGuardian;
}

# End of content from 1d67e9f8fcd3c103d0f9ff5b012246e9/jetified-play-services-base-17.1.0/proguard.txt
# The proguard configuration file for the following section is b4abb3ae12fe055372984e118f8f9d66/jetified-play-services-basement-17.1.0/proguard.txt
# Proguard flags for consumers of the Google Play services SDK
# https://developers.google.com/android/guides/setup#add_google_play_services_to_your_project

# Keep SafeParcelable NULL value, needed for reflection by DowngradeableSafeParcel
-keepclassmembers public class com.google.android.gms.common.internal.safeparcel.SafeParcelable {
    public static final *** NULL;
}

# Needed for Parcelable/SafeParcelable classes & their creators to not get renamed, as they are
# found via reflection.
-keep class com.google.android.gms.common.internal.ReflectedParcelable
-keepnames class * implements com.google.android.gms.common.internal.ReflectedParcelable
-keepclassmembers class * implements android.os.Parcelable {
  public static final *** CREATOR;
}

# Keep the classes/members we need for client functionality.
-keep @interface android.support.annotation.Keep
-keep @android.support.annotation.Keep class *
-keepclasseswithmembers class * {
  @android.support.annotation.Keep <fields>;
}
-keepclasseswithmembers class * {
  @android.support.annotation.Keep <methods>;
}

# Keep androidX equivalent of above android.support to allow Jetification.
-keep @interface androidx.annotation.Keep
-keep @androidx.annotation.Keep class *
-keepclasseswithmembers class * {
  @androidx.annotation.Keep <fields>;
}
-keepclasseswithmembers class * {
  @androidx.annotation.Keep <methods>;
}

# Keep the names of classes/members we need for client functionality.
-keep @interface com.google.android.gms.common.annotation.KeepName
-keepnames @com.google.android.gms.common.annotation.KeepName class *
-keepclassmembernames class * {
  @com.google.android.gms.common.annotation.KeepName *;
}

# Keep Dynamite API entry points
-keep @interface com.google.android.gms.common.util.DynamiteApi
-keep @com.google.android.gms.common.util.DynamiteApi public class * {
  public <fields>;
  public <methods>;
}

# Needed when building against pre-Marshmallow SDK.
-dontwarn android.security.NetworkSecurityPolicy

# Needed when building against Marshmallow SDK.
-dontwarn android.app.Notification

# Protobuf has references not on the Android boot classpath
-dontwarn sun.misc.Unsafe
-dontwarn libcore.io.Memory

# Internal Google annotations for generating Proguard keep rules.
-dontwarn com.google.android.apps.common.proguard.UsedBy*

# Annotations referenced by the SDK but whose definitions are contained in
# non-required dependencies.
-dontwarn javax.annotation.**
-dontwarn org.checkerframework.**

# End of content from b4abb3ae12fe055372984e118f8f9d66/jetified-play-services-basement-17.1.0/proguard.txt
# The proguard configuration file for the following section is d481b4719f34ec119768e958e701eaf6/core-1.1.0/proguard.txt
# aapt2 is not (yet) keeping FQCNs defined in the appComponentFactory <application> attribute
-keep class androidx.core.app.CoreComponentFactory

# End of content from d481b4719f34ec119768e958e701eaf6/core-1.1.0/proguard.txt
# The proguard configuration file for the following section is dccbfb36b687f1ef81ae89c6c1c76d28/lifecycle-runtime-2.2.0/proguard.txt
-keepattributes *Annotation*

-keepclassmembers enum androidx.lifecycle.Lifecycle$Event {
    <fields>;
}

-keep !interface * implements androidx.lifecycle.LifecycleObserver {
}

-keep class * implements androidx.lifecycle.GeneratedAdapter {
    <init>(...);
}

-keepclassmembers class ** {
    @androidx.lifecycle.OnLifecycleEvent *;
}

# this rule is need to work properly when app is compiled with api 28, see b/142778206
-keepclassmembers class androidx.lifecycle.ReportFragment$LifecycleCallbacks { *; }
# End of content from dccbfb36b687f1ef81ae89c6c1c76d28/lifecycle-runtime-2.2.0/proguard.txt
# The proguard configuration file for the following section is 035e9aa8138dc3db91f50beb9764464b/jetified-savedstate-1.0.0/proguard.txt
# Copyright (C) 2019 The Android Open Source Project
#
# Licensed under the Apache License, Version 2.0 (the "License");
# you may not use this file except in compliance with the License.
# You may obtain a copy of the License at
#
#      http://www.apache.org/licenses/LICENSE-2.0
#
# Unless required by applicable law or agreed to in writing, software
# distributed under the License is distributed on an "AS IS" BASIS,
# WITHOUT WARRANTIES OR CONDITIONS OF ANY KIND, either express or implied.
# See the License for the specific language governing permissions and
# limitations under the License.

-keepclassmembers,allowobfuscation class * implements androidx.savedstate.SavedStateRegistry$AutoRecreated {
    <init>();
}

# End of content from 035e9aa8138dc3db91f50beb9764464b/jetified-savedstate-1.0.0/proguard.txt
# The proguard configuration file for the following section is a39adc0ed5996d152d5322c62e92e55d/jetified-firebase-components-16.1.0/proguard.txt
-dontwarn com.google.firebase.components.Component$Instantiation
-dontwarn com.google.firebase.components.Component$ComponentType

-keep class * implements com.google.firebase.components.ComponentRegistrar

# End of content from a39adc0ed5996d152d5322c62e92e55d/jetified-firebase-components-16.1.0/proguard.txt
# The proguard configuration file for the following section is f68d88153fad4b06f2b02635801d201d/versionedparcelable-1.1.0/proguard.txt
-keep public class * implements androidx.versionedparcelable.VersionedParcelable
-keep public class android.support.**Parcelizer { *; }
-keep public class androidx.**Parcelizer { *; }
-keep public class androidx.versionedparcelable.ParcelImpl

# End of content from f68d88153fad4b06f2b02635801d201d/versionedparcelable-1.1.0/proguard.txt
# The proguard configuration file for the following section is 81afbe2347ff58d13c6b6f3c614ebf96/lifecycle-viewmodel-2.1.0/proguard.txt
-keepclassmembers,allowobfuscation class * extends androidx.lifecycle.ViewModel {
    <init>();
}

-keepclassmembers,allowobfuscation class * extends androidx.lifecycle.AndroidViewModel {
    <init>(android.app.Application);
}

# End of content from 81afbe2347ff58d13c6b6f3c614ebf96/lifecycle-viewmodel-2.1.0/proguard.txt
# The proguard configuration file for the following section is META-INF/proguard/androidx-annotations.pro
-keep,allowobfuscation @interface androidx.annotation.Keep
-keep @androidx.annotation.Keep class * {*;}

-keepclasseswithmembers class * {
    @androidx.annotation.Keep <methods>;
}

-keepclasseswithmembers class * {
    @androidx.annotation.Keep <fields>;
}

-keepclasseswithmembers class * {
    @androidx.annotation.Keep <init>(...);
}

# End of content from META-INF/proguard/androidx-annotations.pro
# The proguard configuration file for the following section is 1b919a2a58badc61a3de65d4486deaa1/jetified-protolite-well-known-types-17.1.1/proguard.txt
# Add project specific ProGuard rules here.
# You can control the set of applied configuration files using the
# proguardFiles setting in build.gradle.
#
# For more details, see
#   http://developer.android.com/guide/developing/tools/proguard.html

# If your project uses WebView with JS, uncomment the following
# and specify the fully qualified class name to the JavaScript interface
# class:
#-keepclassmembers class fqcn.of.javascript.interface.for.webview {
#   public *;
#}

# Uncomment this to preserve the line number information for
# debugging stack traces.
#-keepattributes SourceFile,LineNumberTable

# If you keep the line number information, uncomment this to
# hide the original source file name.
#-renamesourcefileattribute SourceFile

# protobuf-javalite has a bug that requires this workaround rule
# https://github.com/protocolbuffers/protobuf/issues/6463#issuecomment-553183215
-keepclassmembers class * extends com.google.protobuf.GeneratedMessageLite {
  <fields>;
}

# End of content from 1b919a2a58badc61a3de65d4486deaa1/jetified-protolite-well-known-types-17.1.1/proguard.txt
# The proguard configuration file for the following section is 289acafbabb5e968fae411bc8bf50bfc/jetified-grpc-android-1.28.0/proguard.txt
-keepclassmembers class io.grpc.okhttp.OkHttpChannelBuilder {
  io.grpc.okhttp.OkHttpChannelBuilder forTarget(java.lang.String);
  io.grpc.okhttp.OkHttpChannelBuilder scheduledExecutorService(java.util.concurrent.ScheduledExecutorService);
  io.grpc.okhttp.OkHttpChannelBuilder sslSocketFactory(javax.net.ssl.SSLSocketFactory);
  io.grpc.okhttp.OkHttpChannelBuilder transportExecutor(java.util.concurrent.Executor);
}

# End of content from 289acafbabb5e968fae411bc8bf50bfc/jetified-grpc-android-1.28.0/proguard.txt
# The proguard configuration file for the following section is <unknown>
-ignorewarnings
# End of content from <unknown>