build/app/outputs/mapping/release/seeds.txt
com.example.kepp.MainActivity
com.example.kepp.MainActivity: MainActivity()
...
com.google.firestore.v1.BatchGetDocumentsResponse: com.google.firestore.v1.BatchGetDocumentsResponse DEFAULT_INSTANCE
com.google.firestore.v1.DocumentTransform$FieldTransform$TransformTypeCase: com.google.firestore.v1.DocumentTransform$FieldTransform$TransformTypeCase valueOf(java.lang.String)
com.google.android.gms.common.internal.safeparcel.SafeParcelable: java.lang.String NULL
com.google.rpc.Status: java.lang.String message_
com.google.firestore.v1.CommitRequest: com.google.protobuf.ByteString transaction_
io.flutter.embedding.engine.FlutterJNI: void nativeSetAccessibilityFeatures(long,int)
io.flutter.embedding.engine.renderer.SurfaceTextureWrapper: void getTransformMatrix(float[])
com.google.firebase.firestore.FirebaseFirestoreException$Code: com.google.firebase.firestore.FirebaseFirestoreException$Code[] values()
com.google.firestore.v1.Target$DocumentsTarget: com.google.firestore.v1.Target$DocumentsTarget DEFAULT_INSTANCE
io.flutter.view.AccessibilityViewEmbedder: java.lang.String TAG
io.flutter.embedding.engine.mutatorsstack.FlutterMutatorsStack: android.graphics.Matrix getFinalMatrix()
com.google.firebase.auth.FirebaseAuthRegistrar
io.flutter.plugin.editing.ImeSyncDeferringInsetsCallback: android.view.WindowInsets access$400(io.flutter.plugin.editing.ImeSyncDeferringInsetsCallback)
io.flutter.view.AccessibilityViewEmbedder: io.flutter.view.AccessibilityViewEmbedder$ReflectionAccessors reflectionAccessors
androidx.lifecycle.ReportFragment$LifecycleCallbacks: void onActivityResumed(android.app.Activity)
io.flutter.embedding.engine.FlutterJNI: void registerTexture(long,io.flutter.embedding.engine.renderer.SurfaceTextureWrapper)
com.google.firebase.firestore.util.Logger$Level: com.google.firebase.firestore.util.Logger$Level[] values()
com.google.firestore.v1.StructuredQuery$Filter: int filterTypeCase_
com.google.android.gms.internal.firebase-auth-api.zzfp
io.flutter.embedding.engine.systemchannels.TextInputChannel$TextInputType: io.flutter.embedding.engine.systemchannels.TextInputChannel$TextInputType valueOf(java.lang.String)
com.google.firestore.v1.DocumentTransform$FieldTransform: int transformTypeCase_
com.google.android.gms.internal.firebase-auth-api.zzex: com.google.android.gms.internal.firebase-auth-api.zzhu zze
com.google.firestore.v1.TransactionOptions$ReadWrite: com.google.firestore.v1.TransactionOptions$ReadWrite DEFAULT_INSTANCE
io.flutter.embedding.engine.FlutterJNI: void nativeRegisterTexture(long,long,io.flutter.embedding.engine.renderer.SurfaceTextureWrapper)
com.google.firebase.firestore.Source: com.google.firebase.firestore.Source valueOf(java.lang.String)
io.flutter.embedding.engine.FlutterJNI: io.flutter.plugin.platform.PlatformViewsController platformViewsController
com.google.firestore.v1.StructuredQuery$Projection: com.google.protobuf.Parser PARSER
com.google.firebase.firestore.FirestoreRegistrar: java.util.List getComponents()
com.google.firestore.v1.BatchGetDocumentsRequest
io.flutter.view.AccessibilityViewEmbedder: AccessibilityViewEmbedder(android.view.View,int)
com.google.firebase.firestore.DocumentSnapshot$ServerTimestampBehavior: com.google.firebase.firestore.DocumentSnapshot$ServerTimestampBehavior[] values()
com.google.android.gms.dynamite.DynamiteModule$DynamiteLoaderClassLoader: DynamiteModule$DynamiteLoaderClassLoader()
com.google.firestore.v1.TargetChange
io.flutter.plugin.editing.ImeSyncDeferringInsetsCallback$AnimationCallback: io.flutter.plugin.editing.ImeSyncDeferringInsetsCallback this$0
com.google.firebase.heartbeatinfo.HeartBeatInfo$HeartBeat: com.google.firebase.heartbeatinfo.HeartBeatInfo$HeartBeat valueOf(java.lang.String)
com.google.android.gms.internal.firebase-auth-api.zzjl: com.google.android.gms.internal.firebase-auth-api.zzjl zzf
io.flutter.view.FlutterCallbackInformation: FlutterCallbackInformation(java.lang.String,java.lang.String,java.lang.String)
com.google.firebase.auth.internal.zzt: android.os.Parcelable$Creator CREATOR