build/app/outputs/mapping/release/usage.txt
com.example.kepp.R$integer
com.example.kepp.R$layout
com.example.kepp.R$string
com.example.kepp.R$color
com.example.kepp.R$drawable
com.example.kepp.R$id
com.example.kepp.R$dimen
com.example.kepp.R$mipmap
com.example.kepp.R$attr
com.example.kepp.R
com.example.kepp.R$styleable
com.example.kepp.BuildConfig
com.example.kepp.R$style
...
io.grpc.NameResolver$1:
    final synthetic io.grpc.NameResolver this$0
io.grpc.NameResolverRegistry$1:
    final synthetic io.grpc.NameResolverRegistry this$0
com.google.android.gms.internal.firebase-auth-api.zzid
io.perfmark.Tag:
    final java.lang.String tagName
    final long tagId
com.google.firestore.v1.StructuredQuery$CompositeFilter$Operator:
    private static final com.google.protobuf.Internal$EnumLiteMap internalValueMap
io.grpc.internal.ChannelTracer:
    private final long channelCreationTimeNanos
io.flutter.view.AccessibilityBridge$SemanticsNode:
    private io.flutter.view.AccessibilityBridge$TextDirection textDirection
    private float previousScrollExtentMax
    private float previousScrollExtentMin
com.google.firebase.firestore.local.MemoryBundleCache:
    private final java.util.Map bundles
    private final java.util.Map namedQueries
io.grpc.InternalChannelz$Security:
    public final io.grpc.InternalChannelz$Tls tls
    public final io.grpc.InternalChannelz$OtherSecurity other
com.google.firebase.firestore.local.SQLiteBundleCache:
    private final com.google.firebase.firestore.local.SQLitePersistence db
    private final com.google.firebase.firestore.local.LocalSerializer serializer
com.google.protobuf.ByteString:
    private static int toInt(byte)
    static synthetic int access$200(byte)
    private static final java.util.Comparator UNSIGNED_LEXICOGRAPHICAL_COMPARATOR
io.grpc.internal.RetriableStream$1DecompressorRegistryEntry:
    final synthetic io.grpc.internal.RetriableStream this$0
com.google.android.gms.common.data.DataHolder:
    private int zalz
    private static final com.google.android.gms.common.data.DataHolder$Builder zamb
io.grpc.internal.CompositeReadableBuffer$3:
    final synthetic io.grpc.internal.CompositeReadableBuffer this$0
com.google.android.gms.internal.firebase-auth-api.zzq:
    public static final java.nio.charset.Charset zza
    public static final java.nio.charset.Charset zzb
    public static final java.nio.charset.Charset zzd
    public static final java.nio.charset.Charset zze
    public static final java.nio.charset.Charset zzf
com.google.android.gms.common.util.Strings:
    private static final java.util.regex.Pattern zzhx
com.google.android.gms.common.api.Status:
    public static final com.google.android.gms.common.api.Status RESULT_INTERNAL_ERROR
    private static final com.google.android.gms.common.api.Status zzbd
    public static final com.google.android.gms.common.api.Status RESULT_DEAD_CLIENT
io.grpc.internal.ReadableBuffers:
    private static final io.grpc.internal.ReadableBuffer EMPTY_BUFFER
com.google.android.gms.internal.common.zzd:
    private static final java.lang.ClassLoader zzd
androidx.arch.core.executor.DefaultTaskExecutor:
    public void executeOnDiskIO(java.lang.Runnable)
    public void postToMainThread(java.lang.Runnable)
    private volatile android.os.Handler mMainHandler
io.grpc.okhttp.internal.framed.Hpack$Writer:
    int headerTableSizeSetting
com.google.android.gms.common.api.internal.BaseImplementation$ApiMethodImpl:
    private final com.google.android.gms.common.api.Api$AnyClientKey mClientKey
    private final com.google.android.gms.common.api.Api mApi
com.google.firestore.v1.BatchGetDocumentsResponse$ResultCase:
    private final int value
com.google.android.gms.common.api.internal.zac:
    private final int type
io.grpc.internal.AbstractStream$TransportState:
    private final io.grpc.internal.StatsTraceContext statsTraceCtx
io.flutter.embedding.engine.loader.FlutterLoader$InitResult:
    final java.lang.String dataDirPath
io.grpc.stub.ClientCalls:
    private static final java.util.logging.Logger logger
    static final synthetic boolean $assertionsDisabled
com.google.firebase.auth.internal.zzo:
    private final java.lang.String zzb
    private final java.lang.String zzc
com.google.firestore.v1.StructuredQuery$FieldFilter$Operator:
    private static final com.google.protobuf.Internal$EnumLiteMap internalValueMap